#! /usr/share/iverilog-0.9.7/bin/vvp
:ivl_version "0.9.7 " "(v0_9_6)";
:vpi_time_precision + 0;
:vpi_module "system";
:vpi_module "v2005_math";
:vpi_module "va_math";
S_0x10c49d0 .scope module, "testPWM" "testPWM" 2 1;
 .timescale 0 0;
v0x10fc100_0 .var "clockC", 0 0;
v0x10fc1a0_0 .var "counter", 0 0;
v0x10fc220_0 .net "outPut", 0 0, v0x10fbf80_0; 1 drivers
S_0x10c61a0 .scope module, "periodTwoCycleTwo" "pulseWidthMod" 2 23, 3 1, S_0x10c49d0;
 .timescale 0 0;
v0x10e9820_0 .net "clockC", 0 0, v0x10fc100_0; 1 drivers
v0x10fbcf0_0 .var "counterOne", 16 0;
v0x10fbd90_0 .var "counterTwo", 8 0;
v0x10fbe30_0 .var "counterZero", 8 0;
v0x10fbee0_0 .net "duty", 8 0, C4<000000001>; 1 drivers
v0x10fbf80_0 .var "outPut", 0 0;
v0x10fc060_0 .net "period", 8 0, C4<000000010>; 1 drivers
E_0x10c7f00 .event negedge, v0x10e9820_0;
    .scope S_0x10c61a0;
T_0 ;
    %set/v v0x10fbe30_0, 0, 9;
    %end;
    .thread T_0;
    .scope S_0x10c61a0;
T_1 ;
    %set/v v0x10fbd90_0, 0, 9;
    %end;
    .thread T_1;
    .scope S_0x10c61a0;
T_2 ;
    %set/v v0x10fbcf0_0, 0, 17;
    %end;
    .thread T_2;
    .scope S_0x10c61a0;
T_3 ;
    %wait E_0x10c7f00;
    %load/v 8, v0x10fbe30_0, 9;
    %load/v 17, v0x10fbee0_0, 9;
    %cmp/u 8, 17, 9;
    %jmp/0xz  T_3.0, 5;
    %cassign/v v0x10fbf80_0, 1, 1;
    %jmp T_3.1;
T_3.0 ;
    %cassign/v v0x10fbf80_0, 0, 1;
T_3.1 ;
    %load/v 8, v0x10fc060_0, 9;
    %load/v 17, v0x10fbe30_0, 9;
    %cmp/u 8, 17, 9;
    %or 5, 4, 1;
    %jmp/0xz  T_3.2, 5;
    %set/v v0x10fbcf0_0, 0, 17;
    %jmp T_3.3;
T_3.2 ;
    %load/v 8, v0x10fbe30_0, 9;
    %mov 17, 0, 23;
    %addi 8, 1, 32;
    %set/v v0x10fbe30_0, 8, 9;
T_3.3 ;
    %vpi_call 3 32 "$display", "%g", v0x10fbe30_0;
    %jmp T_3;
    .thread T_3;
    .scope S_0x10c49d0;
T_4 ;
    %set/v v0x10fc100_0, 0, 1;
    %end;
    .thread T_4;
    .scope S_0x10c49d0;
T_5 ;
    %set/v v0x10fc1a0_0, 0, 1;
    %end;
    .thread T_5;
    .scope S_0x10c49d0;
T_6 ;
    %delay 1, 0;
    %vpi_func 2 13 "$time", 8, 64;
    %cmpi/u 8, 2, 64;
    %jmp/0xz  T_6.0, 4;
    %vpi_call 2 14 "$finish";
T_6.0 ;
    %jmp T_6;
    .thread T_6;
    .scope S_0x10c49d0;
T_7 ;
    %delay 1, 0;
    %load/v 8, v0x10fc100_0, 1;
    %inv 8, 1;
    %set/v v0x10fc100_0, 8, 1;
    %jmp T_7;
    .thread T_7;
    .scope S_0x10c49d0;
T_8 ;
    %vpi_call 2 34 "$monitor", "This is the PWM OUTPUT %b This is the CLOCK CYCLE VALUE %b THIS IS THE TIMER VALUE %g and OUR COUNTER VAR IS NOT USED", v0x10fc220_0, v0x10fc100_0, $time;
    %end;
    .thread T_8;
# The file index is used to find the file name in the following table.
:file_names 4;
    "N/A";
    "<interactive>";
    "testPWM.v";
    "pulseWidthMod.v";
